<?xml version="1.0" encoding="UTF-8"?>
<testsuite xmlns:xsi="http://www.w3.org/2001/XMLSchema-instance" xsi:noNamespaceSchemaLocation="https://maven.apache.org/surefire/maven-surefire-plugin/xsd/surefire-test-report.xsd" name="tn.esprit.rh.achat.services.operateur.OperateurServiceTest" time="27.74" tests="3" errors="0" skipped="0" failures="0">
  <properties>
[...]
</properties>
  <testcase name="testaddOperateur" classname="tn.esprit.rh.achat.services.operateur.OperateurServiceTest" time="0.518"/>
  <testcase name="testretrieveOperateur" classname="tn.esprit.rh.achat.services.operateur.OperateurServiceTest" time="0.112"/>
  <testcase name="tesupdateOperateur" classname="tn.esprit.rh.achat.services.operateur.OperateurServiceTest" time="0.074"/>
</testsuite>